{"/mnt/d/www/OptimaxDev_test_2/src/context.js": {"path":"/mnt/d/www/OptimaxDev_test_2/src/context.js","statementMap":{"0":{"start":{"line":3,"column":16},"end":{"line":3,"column":37}}},"fnMap":{},"branchMap":{},"s":{"0":1},"f":{},"b":{},"_coverageSchema":"1a1c01bbd47fc00a2c39e90264f33305004495a9","hash":"1cf5bec2ec7c9d202430ef4498607f54818cf7b8"}
,"/mnt/d/www/OptimaxDev_test_2/src/components/App/App.jsx": {"path":"/mnt/d/www/OptimaxDev_test_2/src/components/App/App.jsx","statementMap":{"0":{"start":{"line":7,"column":36},"end":{"line":7,"column":48}},"1":{"start":{"line":9,"column":28},"end":{"line":9,"column":40}},"2":{"start":{"line":12,"column":2},"end":{"line":17,"column":9}},"3":{"start":{"line":13,"column":22},"end":{"line":13,"column":67}},"4":{"start":{"line":14,"column":4},"end":{"line":16,"column":5}},"5":{"start":{"line":15,"column":6},"end":{"line":15,"column":26}},"6":{"start":{"line":20,"column":2},"end":{"line":26,"column":14}},"7":{"start":{"line":21,"column":4},"end":{"line":25,"column":5}},"8":{"start":{"line":22,"column":6},"end":{"line":22,"column":63}},"9":{"start":{"line":24,"column":6},"end":{"line":24,"column":43}},"10":{"start":{"line":28,"column":28},"end":{"line":30,"column":3}},"11":{"start":{"line":29,"column":4},"end":{"line":29,"column":37}},"12":{"start":{"line":32,"column":22},"end":{"line":40,"column":3}},"13":{"start":{"line":33,"column":4},"end":{"line":39,"column":5}},"14":{"start":{"line":34,"column":6},"end":{"line":37,"column":10}},"15":{"start":{"line":38,"column":6},"end":{"line":38,"column":23}},"16":{"start":{"line":42,"column":21},"end":{"line":46,"column":3}},"17":{"start":{"line":43,"column":19},"end":{"line":43,"column":29}},"18":{"start":{"line":44,"column":4},"end":{"line":44,"column":29}},"19":{"start":{"line":45,"column":4},"end":{"line":45,"column":23}},"20":{"start":{"line":48,"column":24},"end":{"line":52,"column":3}},"21":{"start":{"line":49,"column":19},"end":{"line":49,"column":29}},"22":{"start":{"line":50,"column":4},"end":{"line":50,"column":55}},"23":{"start":{"line":51,"column":4},"end":{"line":51,"column":23}},"24":{"start":{"line":54,"column":22},"end":{"line":54,"column":77}},"25":{"start":{"line":54,"column":37},"end":{"line":54,"column":66}},"26":{"start":{"line":55,"column":2},"end":{"line":80,"column":4}}},"fnMap":{"0":{"name":"App","decl":{"start":{"line":6,"column":9},"end":{"line":6,"column":12}},"loc":{"start":{"line":6,"column":15},"end":{"line":81,"column":1}},"line":6},"1":{"name":"(anonymous_1)","decl":{"start":{"line":12,"column":12},"end":{"line":12,"column":13}},"loc":{"start":{"line":12,"column":18},"end":{"line":17,"column":3}},"line":12},"2":{"name":"(anonymous_2)","decl":{"start":{"line":20,"column":12},"end":{"line":20,"column":13}},"loc":{"start":{"line":20,"column":18},"end":{"line":26,"column":3}},"line":20},"3":{"name":"(anonymous_3)","decl":{"start":{"line":28,"column":28},"end":{"line":28,"column":29}},"loc":{"start":{"line":28,"column":39},"end":{"line":30,"column":3}},"line":28},"4":{"name":"(anonymous_4)","decl":{"start":{"line":32,"column":22},"end":{"line":32,"column":23}},"loc":{"start":{"line":32,"column":28},"end":{"line":40,"column":3}},"line":32},"5":{"name":"(anonymous_5)","decl":{"start":{"line":42,"column":21},"end":{"line":42,"column":22}},"loc":{"start":{"line":42,"column":32},"end":{"line":46,"column":3}},"line":42},"6":{"name":"(anonymous_6)","decl":{"start":{"line":48,"column":24},"end":{"line":48,"column":25}},"loc":{"start":{"line":48,"column":35},"end":{"line":52,"column":3}},"line":48},"7":{"name":"(anonymous_7)","decl":{"start":{"line":54,"column":30},"end":{"line":54,"column":31}},"loc":{"start":{"line":54,"column":37},"end":{"line":54,"column":66}},"line":54}},"branchMap":{"0":{"loc":{"start":{"line":14,"column":4},"end":{"line":16,"column":5}},"type":"if","locations":[{"start":{"line":14,"column":4},"end":{"line":16,"column":5}},{"start":{},"end":{}}],"line":14},"1":{"loc":{"start":{"line":21,"column":4},"end":{"line":25,"column":5}},"type":"if","locations":[{"start":{"line":21,"column":4},"end":{"line":25,"column":5}},{"start":{"line":23,"column":11},"end":{"line":25,"column":5}}],"line":21},"2":{"loc":{"start":{"line":33,"column":4},"end":{"line":39,"column":5}},"type":"if","locations":[{"start":{"line":33,"column":4},"end":{"line":39,"column":5}},{"start":{},"end":{}}],"line":33},"3":{"loc":{"start":{"line":73,"column":15},"end":{"line":73,"column":92}},"type":"cond-expr","locations":[{"start":{"line":73,"column":30},"end":{"line":73,"column":51}},{"start":{"line":73,"column":54},"end":{"line":73,"column":92}}],"line":73}},"s":{"0":6,"1":5,"2":5,"3":3,"4":3,"5":0,"6":5,"7":4,"8":1,"9":3,"10":5,"11":1,"12":5,"13":1,"14":1,"15":1,"16":5,"17":0,"18":0,"19":0,"20":5,"21":0,"22":0,"23":0,"24":5,"25":4,"26":5},"f":{"0":6,"1":3,"2":4,"3":1,"4":1,"5":0,"6":0,"7":4},"b":{"0":[0,3],"1":[1,3],"2":[1,0],"3":[1,4]},"_coverageSchema":"1a1c01bbd47fc00a2c39e90264f33305004495a9","hash":"172384d17eee3ed65510303b46b29550d454ab90"}
,"/mnt/d/www/OptimaxDev_test_2/src/components/List/List.jsx": {"path":"/mnt/d/www/OptimaxDev_test_2/src/components/List/List.jsx","statementMap":{"0":{"start":{"line":7,"column":2},"end":{"line":13,"column":4}},"1":{"start":{"line":10,"column":8},"end":{"line":10,"column":58}},"2":{"start":{"line":16,"column":0},"end":{"line":18,"column":2}},"3":{"start":{"line":19,"column":0},"end":{"line":21,"column":2}}},"fnMap":{"0":{"name":"List","decl":{"start":{"line":6,"column":9},"end":{"line":6,"column":13}},"loc":{"start":{"line":6,"column":24},"end":{"line":14,"column":1}},"line":6},"1":{"name":"(anonymous_1)","decl":{"start":{"line":9,"column":16},"end":{"line":9,"column":17}},"loc":{"start":{"line":10,"column":8},"end":{"line":10,"column":58}},"line":10}},"branchMap":{},"s":{"0":1,"1":1,"2":1,"3":1},"f":{"0":1,"1":1},"b":{},"_coverageSchema":"1a1c01bbd47fc00a2c39e90264f33305004495a9","hash":"4ecc4cb941f5170807efe72d098f3ce726884245"}
,"/mnt/d/www/OptimaxDev_test_2/src/components/ListItem/ListItem.jsx": {"path":"/mnt/d/www/OptimaxDev_test_2/src/components/ListItem/ListItem.jsx","statementMap":{"0":{"start":{"line":7,"column":40},"end":{"line":7,"column":59}},"1":{"start":{"line":9,"column":2},"end":{"line":21,"column":4}},"2":{"start":{"line":13,"column":98},"end":{"line":13,"column":118}},"3":{"start":{"line":19,"column":70},"end":{"line":19,"column":87}},"4":{"start":{"line":24,"column":0},"end":{"line":27,"column":2}}},"fnMap":{"0":{"name":"ListItem","decl":{"start":{"line":6,"column":9},"end":{"line":6,"column":17}},"loc":{"start":{"line":6,"column":35},"end":{"line":22,"column":1}},"line":6},"1":{"name":"(anonymous_1)","decl":{"start":{"line":13,"column":92},"end":{"line":13,"column":93}},"loc":{"start":{"line":13,"column":98},"end":{"line":13,"column":118}},"line":13},"2":{"name":"(anonymous_2)","decl":{"start":{"line":19,"column":64},"end":{"line":19,"column":65}},"loc":{"start":{"line":19,"column":70},"end":{"line":19,"column":87}},"line":19}},"branchMap":{"0":{"loc":{"start":{"line":16,"column":41},"end":{"line":16,"column":81}},"type":"cond-expr","locations":[{"start":{"line":16,"column":56},"end":{"line":16,"column":76}},{"start":{"line":16,"column":79},"end":{"line":16,"column":81}}],"line":16}},"s":{"0":1,"1":1,"2":0,"3":0,"4":1},"f":{"0":1,"1":0,"2":0},"b":{"0":[0,1]},"_coverageSchema":"1a1c01bbd47fc00a2c39e90264f33305004495a9","hash":"2c0448b8e41b137720e2ae408fb75e6091c87de6"}
}
