{"/mnt/d/www/OptimaxDev_test_2/src/context.js": {"path":"/mnt/d/www/OptimaxDev_test_2/src/context.js","statementMap":{"0":{"start":{"line":3,"column":16},"end":{"line":3,"column":37}}},"fnMap":{},"branchMap":{},"s":{"0":1},"f":{},"b":{},"_coverageSchema":"1a1c01bbd47fc00a2c39e90264f33305004495a9","hash":"1cf5bec2ec7c9d202430ef4498607f54818cf7b8"}
,"/mnt/d/www/OptimaxDev_test_2/src/components/App/App.jsx": {"path":"/mnt/d/www/OptimaxDev_test_2/src/components/App/App.jsx","statementMap":{"0":{"start":{"line":7,"column":36},"end":{"line":7,"column":48}},"1":{"start":{"line":9,"column":28},"end":{"line":9,"column":40}},"2":{"start":{"line":12,"column":2},"end":{"line":17,"column":9}},"3":{"start":{"line":13,"column":22},"end":{"line":13,"column":67}},"4":{"start":{"line":14,"column":4},"end":{"line":16,"column":5}},"5":{"start":{"line":15,"column":6},"end":{"line":15,"column":26}},"6":{"start":{"line":20,"column":2},"end":{"line":26,"column":14}},"7":{"start":{"line":21,"column":4},"end":{"line":25,"column":5}},"8":{"start":{"line":22,"column":6},"end":{"line":22,"column":63}},"9":{"start":{"line":24,"column":6},"end":{"line":24,"column":43}},"10":{"start":{"line":28,"column":28},"end":{"line":30,"column":3}},"11":{"start":{"line":29,"column":4},"end":{"line":29,"column":37}},"12":{"start":{"line":31,"column":22},"end":{"line":36,"column":3}},"13":{"start":{"line":32,"column":4},"end":{"line":35,"column":5}},"14":{"start":{"line":33,"column":6},"end":{"line":33,"column":38}},"15":{"start":{"line":34,"column":6},"end":{"line":34,"column":23}},"16":{"start":{"line":38,"column":21},"end":{"line":42,"column":3}},"17":{"start":{"line":39,"column":19},"end":{"line":39,"column":29}},"18":{"start":{"line":40,"column":4},"end":{"line":40,"column":29}},"19":{"start":{"line":41,"column":4},"end":{"line":41,"column":23}},"20":{"start":{"line":44,"column":22},"end":{"line":44,"column":62}},"21":{"start":{"line":44,"column":37},"end":{"line":44,"column":51}},"22":{"start":{"line":45,"column":2},"end":{"line":70,"column":4}}},"fnMap":{"0":{"name":"App","decl":{"start":{"line":6,"column":9},"end":{"line":6,"column":12}},"loc":{"start":{"line":6,"column":15},"end":{"line":71,"column":1}},"line":6},"1":{"name":"(anonymous_1)","decl":{"start":{"line":12,"column":12},"end":{"line":12,"column":13}},"loc":{"start":{"line":12,"column":18},"end":{"line":17,"column":3}},"line":12},"2":{"name":"(anonymous_2)","decl":{"start":{"line":20,"column":12},"end":{"line":20,"column":13}},"loc":{"start":{"line":20,"column":18},"end":{"line":26,"column":3}},"line":20},"3":{"name":"(anonymous_3)","decl":{"start":{"line":28,"column":28},"end":{"line":28,"column":29}},"loc":{"start":{"line":28,"column":39},"end":{"line":30,"column":3}},"line":28},"4":{"name":"(anonymous_4)","decl":{"start":{"line":31,"column":22},"end":{"line":31,"column":23}},"loc":{"start":{"line":31,"column":28},"end":{"line":36,"column":3}},"line":31},"5":{"name":"(anonymous_5)","decl":{"start":{"line":38,"column":21},"end":{"line":38,"column":22}},"loc":{"start":{"line":38,"column":32},"end":{"line":42,"column":3}},"line":38},"6":{"name":"(anonymous_6)","decl":{"start":{"line":44,"column":30},"end":{"line":44,"column":31}},"loc":{"start":{"line":44,"column":37},"end":{"line":44,"column":51}},"line":44}},"branchMap":{"0":{"loc":{"start":{"line":14,"column":4},"end":{"line":16,"column":5}},"type":"if","locations":[{"start":{"line":14,"column":4},"end":{"line":16,"column":5}},{"start":{},"end":{}}],"line":14},"1":{"loc":{"start":{"line":21,"column":4},"end":{"line":25,"column":5}},"type":"if","locations":[{"start":{"line":21,"column":4},"end":{"line":25,"column":5}},{"start":{"line":23,"column":11},"end":{"line":25,"column":5}}],"line":21},"2":{"loc":{"start":{"line":32,"column":4},"end":{"line":35,"column":5}},"type":"if","locations":[{"start":{"line":32,"column":4},"end":{"line":35,"column":5}},{"start":{},"end":{}}],"line":32},"3":{"loc":{"start":{"line":63,"column":15},"end":{"line":63,"column":92}},"type":"cond-expr","locations":[{"start":{"line":63,"column":30},"end":{"line":63,"column":51}},{"start":{"line":63,"column":54},"end":{"line":63,"column":92}}],"line":63}},"s":{"0":0,"1":0,"2":0,"3":0,"4":0,"5":0,"6":0,"7":0,"8":0,"9":0,"10":0,"11":0,"12":0,"13":0,"14":0,"15":0,"16":0,"17":0,"18":0,"19":0,"20":0,"21":0,"22":0},"f":{"0":0,"1":0,"2":0,"3":0,"4":0,"5":0,"6":0},"b":{"0":[0,0],"1":[0,0],"2":[0,0],"3":[0,0]},"_coverageSchema":"1a1c01bbd47fc00a2c39e90264f33305004495a9","hash":"8cf82b941aa3c6bcfd62d9d3feed75944df7bb5d"}
,"/mnt/d/www/OptimaxDev_test_2/src/components/List/List.jsx": {"path":"/mnt/d/www/OptimaxDev_test_2/src/components/List/List.jsx","statementMap":{"0":{"start":{"line":7,"column":2},"end":{"line":13,"column":4}},"1":{"start":{"line":10,"column":8},"end":{"line":10,"column":58}},"2":{"start":{"line":16,"column":0},"end":{"line":18,"column":2}},"3":{"start":{"line":19,"column":0},"end":{"line":21,"column":2}}},"fnMap":{"0":{"name":"List","decl":{"start":{"line":6,"column":9},"end":{"line":6,"column":13}},"loc":{"start":{"line":6,"column":24},"end":{"line":14,"column":1}},"line":6},"1":{"name":"(anonymous_1)","decl":{"start":{"line":9,"column":16},"end":{"line":9,"column":17}},"loc":{"start":{"line":10,"column":8},"end":{"line":10,"column":58}},"line":10}},"branchMap":{},"s":{"0":0,"1":0,"2":1,"3":1},"f":{"0":0,"1":0},"b":{},"_coverageSchema":"1a1c01bbd47fc00a2c39e90264f33305004495a9","hash":"4ecc4cb941f5170807efe72d098f3ce726884245"}
,"/mnt/d/www/OptimaxDev_test_2/src/components/ListItem/ListItem.jsx": {"path":"/mnt/d/www/OptimaxDev_test_2/src/components/ListItem/ListItem.jsx","statementMap":{"0":{"start":{"line":7,"column":25},"end":{"line":7,"column":44}},"1":{"start":{"line":9,"column":2},"end":{"line":21,"column":4}},"2":{"start":{"line":19,"column":70},"end":{"line":19,"column":87}},"3":{"start":{"line":24,"column":0},"end":{"line":27,"column":2}}},"fnMap":{"0":{"name":"ListItem","decl":{"start":{"line":6,"column":9},"end":{"line":6,"column":17}},"loc":{"start":{"line":6,"column":35},"end":{"line":22,"column":1}},"line":6},"1":{"name":"(anonymous_1)","decl":{"start":{"line":19,"column":64},"end":{"line":19,"column":65}},"loc":{"start":{"line":19,"column":70},"end":{"line":19,"column":87}},"line":19}},"branchMap":{},"s":{"0":0,"1":0,"2":0,"3":1},"f":{"0":0,"1":0},"b":{},"_coverageSchema":"1a1c01bbd47fc00a2c39e90264f33305004495a9","hash":"7e2553924ec829825e98711e407236d7c67faff0"}
}
