TN:
SF:src/context.js
FNF:0
FNH:0
DA:3,1
LF:1
LH:1
BRF:0
BRH:0
end_of_record
TN:
SF:src/components/App/App.jsx
FN:6,App
FN:12,(anonymous_1)
FN:20,(anonymous_2)
FN:28,(anonymous_3)
FN:32,(anonymous_4)
FN:42,(anonymous_5)
FN:48,(anonymous_6)
FN:54,(anonymous_7)
FNF:8
FNH:6
FNDA:6,App
FNDA:3,(anonymous_1)
FNDA:4,(anonymous_2)
FNDA:1,(anonymous_3)
FNDA:1,(anonymous_4)
FNDA:0,(anonymous_5)
FNDA:0,(anonymous_6)
FNDA:4,(anonymous_7)
DA:7,6
DA:9,5
DA:12,5
DA:13,3
DA:14,3
DA:15,0
DA:20,5
DA:21,4
DA:22,1
DA:24,3
DA:28,5
DA:29,1
DA:32,5
DA:33,1
DA:34,1
DA:38,1
DA:42,5
DA:43,0
DA:44,0
DA:45,0
DA:48,5
DA:49,0
DA:50,0
DA:51,0
DA:54,5
DA:55,5
LF:26
LH:19
BRDA:14,0,0,0
BRDA:14,0,1,3
BRDA:21,1,0,1
BRDA:21,1,1,3
BRDA:33,2,0,1
BRDA:33,2,1,0
BRDA:73,3,0,1
BRDA:73,3,1,4
BRF:8
BRH:6
end_of_record
TN:
SF:src/components/List/List.jsx
FN:6,List
FN:9,(anonymous_1)
FNF:2
FNH:2
FNDA:1,List
FNDA:1,(anonymous_1)
DA:7,1
DA:10,1
DA:16,1
DA:19,1
LF:4
LH:4
BRF:0
BRH:0
end_of_record
TN:
SF:src/components/ListItem/ListItem.jsx
FN:6,ListItem
FN:13,(anonymous_1)
FN:19,(anonymous_2)
FNF:3
FNH:1
FNDA:1,ListItem
FNDA:0,(anonymous_1)
FNDA:0,(anonymous_2)
DA:7,1
DA:9,1
DA:13,0
DA:19,0
DA:24,1
LF:5
LH:3
BRDA:16,0,0,0
BRDA:16,0,1,1
BRF:2
BRH:1
end_of_record
