TN:
SF:src/context.js
FNF:0
FNH:0
DA:3,1
LF:1
LH:1
BRF:0
BRH:0
end_of_record
TN:
SF:src/components/App/App.jsx
FN:6,App
FN:12,(anonymous_1)
FN:20,(anonymous_2)
FN:28,(anonymous_3)
FN:31,(anonymous_4)
FN:38,(anonymous_5)
FN:44,(anonymous_6)
FNF:7
FNH:0
FNDA:0,App
FNDA:0,(anonymous_1)
FNDA:0,(anonymous_2)
FNDA:0,(anonymous_3)
FNDA:0,(anonymous_4)
FNDA:0,(anonymous_5)
FNDA:0,(anonymous_6)
DA:7,0
DA:9,0
DA:12,0
DA:13,0
DA:14,0
DA:15,0
DA:20,0
DA:21,0
DA:22,0
DA:24,0
DA:28,0
DA:29,0
DA:31,0
DA:32,0
DA:33,0
DA:34,0
DA:38,0
DA:39,0
DA:40,0
DA:41,0
DA:44,0
DA:45,0
LF:22
LH:0
BRDA:14,0,0,0
BRDA:14,0,1,0
BRDA:21,1,0,0
BRDA:21,1,1,0
BRDA:32,2,0,0
BRDA:32,2,1,0
BRDA:63,3,0,0
BRDA:63,3,1,0
BRF:8
BRH:0
end_of_record
TN:
SF:src/components/List/List.jsx
FN:6,List
FN:9,(anonymous_1)
FNF:2
FNH:0
FNDA:0,List
FNDA:0,(anonymous_1)
DA:7,0
DA:10,0
DA:16,1
DA:19,1
LF:4
LH:2
BRF:0
BRH:0
end_of_record
TN:
SF:src/components/ListItem/ListItem.jsx
FN:6,ListItem
FN:19,(anonymous_1)
FNF:2
FNH:0
FNDA:0,ListItem
FNDA:0,(anonymous_1)
DA:7,0
DA:9,0
DA:19,0
DA:24,1
LF:4
LH:1
BRF:0
BRH:0
end_of_record
